<?xml version="1.0" encoding="UTF-8"?>
<testng-results skipped="0" failed="0" total="1" passed="1">
  <reporter-output>
  </reporter-output>
  <suite name="Suite" duration-ms="15653" started-at="2020-06-10T02:57:42Z" finished-at="2020-06-10T02:57:58Z">
    <groups>
    </groups>
    <test name="Test" duration-ms="15653" started-at="2020-06-10T02:57:42Z" finished-at="2020-06-10T02:57:58Z">
      <class name="Test.TestIrctcRegistration">
        <test-method status="PASS" signature="openBrowser()[pri:0, instance:Test.TestIrctcRegistration@735b5592]" name="openBrowser" is-config="true" duration-ms="9980" started-at="2020-06-09T22:57:42Z" finished-at="2020-06-09T22:57:52Z">
          <reporter-output>
          </reporter-output>
        </test-method> <!-- openBrowser -->
        <test-method status="PASS" signature="Registration()[pri:0, instance:Test.TestIrctcRegistration@735b5592]" name="Registration" duration-ms="5660" started-at="2020-06-09T22:57:52Z" finished-at="2020-06-09T22:57:58Z">
          <reporter-output>
          </reporter-output>
        </test-method> <!-- Registration -->
        <test-method status="PASS" signature="closeBrowse()[pri:0, instance:Test.TestIrctcRegistration@735b5592]" name="closeBrowse" is-config="true" duration-ms="0" started-at="2020-06-09T22:57:58Z" finished-at="2020-06-09T22:57:58Z">
          <reporter-output>
          </reporter-output>
        </test-method> <!-- closeBrowse -->
      </class> <!-- Test.TestIrctcRegistration -->
    </test> <!-- Test -->
  </suite> <!-- Suite -->
</testng-results>
